{
  "stats": {
    "suites": 0,
    "tests": 1,
    "passes": 1,
    "pending": 0,
    "failures": 0,
    "start": "2025-01-30T22:11:32.875Z",
    "end": "2025-01-30T22:11:35.642Z",
    "duration": 2767,
    "testsRegistered": 1,
    "passPercent": 100,
    "pendingPercent": 0,
    "other": 0,
    "hasOther": false,
    "skipped": 0,
    "hasSkipped": false
  },
  "results": [
    {
      "uuid": "a07d0c9d-c855-4ef2-96d6-9db9e7b3f147",
      "title": "",
      "fullFile": "cypress\\e2e\\fileUploadDownload.cy.js",
      "file": "cypress\\e2e\\fileUploadDownload.cy.js",
      "beforeHooks": [],
      "afterHooks": [],
      "tests": [
        {
          "title": "File Upload and Download",
          "fullTitle": "File Upload and Download",
          "timedOut": null,
          "duration": 337,
          "state": "passed",
          "speed": "fast",
          "pass": true,
          "fail": false,
          "pending": false,
          "context": null,
          "code": "cy.visit('https://trytestingthis.netlify.app/'); //visit the website\ncy.get('#myfile').attachFile('example.json'); //upload the file example.json\n// cy.get('#myfile').attachFile('ss_Image.png'); //upload the file ss_Image.png",
          "err": {},
          "uuid": "23f65456-d1e7-40d3-a421-63038ee83d14",
          "parentUUID": "a07d0c9d-c855-4ef2-96d6-9db9e7b3f147",
          "isHook": false,
          "skipped": false
        }
      ],
      "suites": [],
      "passes": [
        "23f65456-d1e7-40d3-a421-63038ee83d14"
      ],
      "failures": [],
      "pending": [],
      "skipped": [],
      "duration": 337,
      "root": true,
      "rootEmpty": false,
      "_timeout": 2000
    }
  ],
  "meta": {
    "mocha": {
      "version": "7.0.1"
    },
    "mochawesome": {
      "options": {
        "quiet": false,
        "reportFilename": "mochawesome",
        "saveHtml": false,
        "saveJson": true,
        "consoleReporter": "spec",
        "useInlineDiffs": false,
        "code": true
      },
      "version": "7.1.3"
    },
    "marge": {
      "options": {
        "charts": true,
        "overwrite": false,
        "html": false,
        "json": true,
        "reportDir": "cypress/report/mochawesome-report"
      },
      "version": "6.2.0"
    }
  }
}