{
  "stats": {
    "suites": 0,
    "tests": 1,
    "passes": 1,
    "pending": 0,
    "failures": 0,
    "start": "2025-01-30T22:11:52.617Z",
    "end": "2025-01-30T22:12:05.274Z",
    "duration": 12657,
    "testsRegistered": 1,
    "passPercent": 100,
    "pendingPercent": 0,
    "other": 0,
    "hasOther": false,
    "skipped": 0,
    "hasSkipped": false
  },
  "results": [
    {
      "uuid": "14ec1969-1ce7-4bec-99ac-f3278f863730",
      "title": "",
      "fullFile": "cypress\\e2e\\test1.cy.js",
      "file": "cypress\\e2e\\test1.cy.js",
      "beforeHooks": [],
      "afterHooks": [],
      "tests": [
        {
          "title": "Fill the form",
          "fullTitle": "Fill the form",
          "timedOut": null,
          "duration": 10857,
          "state": "passed",
          "speed": "slow",
          "pass": true,
          "fail": false,
          "pending": false,
          "context": null,
          "code": "cy.visit('https://testautomationpractice.blogspot.com/');\ncy.get('#cookieChoiceDismiss').click(); //click on the cookie dismiss button\ncy.get('.titlewrapper > .title').contains('Practice'); //visible text contains Practice in the title\ncy.get('.titlewrapper > .title').should('have.text', '\\nAutomation Testing Practice\\n').and('have.class', 'title').and('be.visible'); //should have text Automation Testing Practice as the title and class as title and should be visible\ncy.url().should('contain', 'testautomationpractice'); //url should-contains testautomationpractice\ncy.get('.titlewrapper > .title').invoke('text').then(title => {\n  expect(title).to.equal('\\nAutomation Testing Practice\\n'); //Explicit assertion Expect title should be equal to Automation Testing Practice\n});\ncy.get('#name').type('Cypress Name');\ncy.get('#email').type('Cypress Email');\ncy.get('#phone').type('=44 1234567890');\ncy.get('#textarea').type('Cypress Textarea');\ncy.get('#male').click();\ncy.get('#sunday').click();\ncy.get('#saturday').click();\ncy.get('#country').select('India');\ncy.contains('Green').click(); //click by visble text\ncy.get('#animals').select('Zebra'); //select by value\ncy.get('#datepicker').type('01/01/2025{Enter}'); //keyyboard shortcut enter\ncy.get('#txtDate').click();\ncy.get('.ui-datepicker-month').select('Feb');\ncy.get('.ui-datepicker-year').select('2025');\ncy.get(':nth-child(5) > :nth-child(5) > .ui-state-default').click();\ncy.wait(2000); //wait for 2 seconds\ncy.get('.submit-btn').click();\n//cy.get('#result').contains('You selected a range of' );\ncy.log('Test case executed successfully');",
          "err": {},
          "uuid": "f26cda6f-d0f1-4a16-9f58-04a8ec77a10e",
          "parentUUID": "14ec1969-1ce7-4bec-99ac-f3278f863730",
          "isHook": false,
          "skipped": false
        }
      ],
      "suites": [],
      "passes": [
        "f26cda6f-d0f1-4a16-9f58-04a8ec77a10e"
      ],
      "failures": [],
      "pending": [],
      "skipped": [],
      "duration": 10857,
      "root": true,
      "rootEmpty": false,
      "_timeout": 2000
    }
  ],
  "meta": {
    "mocha": {
      "version": "7.0.1"
    },
    "mochawesome": {
      "options": {
        "quiet": false,
        "reportFilename": "mochawesome",
        "saveHtml": false,
        "saveJson": true,
        "consoleReporter": "spec",
        "useInlineDiffs": false,
        "code": true
      },
      "version": "7.1.3"
    },
    "marge": {
      "options": {
        "charts": true,
        "overwrite": false,
        "html": false,
        "json": true,
        "reportDir": "cypress/report/mochawesome-report"
      },
      "version": "6.2.0"
    }
  }
}