{
  "stats": {
    "suites": 0,
    "tests": 3,
    "passes": 3,
    "pending": 0,
    "failures": 0,
    "start": "2025-01-30T22:11:50.174Z",
    "end": "2025-01-30T22:11:50.638Z",
    "duration": 464,
    "testsRegistered": 3,
    "passPercent": 100,
    "pendingPercent": 0,
    "other": 0,
    "hasOther": false,
    "skipped": 0,
    "hasSkipped": false
  },
  "results": [
    {
      "uuid": "7be11442-addf-47c5-9626-8fe66d30194b",
      "title": "",
      "fullFile": "cypress\\e2e\\readWriteDemo.cy.js",
      "file": "cypress\\e2e\\readWriteDemo.cy.js",
      "beforeHooks": [],
      "afterHooks": [],
      "tests": [
        {
          "title": "Read file using fixture",
          "fullTitle": "Read file using fixture",
          "timedOut": null,
          "duration": 361,
          "state": "passed",
          "speed": "fast",
          "pass": true,
          "fail": false,
          "pending": false,
          "context": null,
          "code": "cy.fixture('example.json').then(data => {\n  //reading the data from the fixture file example.json ,data is the alias name of the file\n  cy.log(data.name); //logging the data from the fixture file\n  cy.log(data.email);\n  cy.log(data.body);\n});\ncy.log(\"*******Result from before function ********\" + this.test_data.name); //before function - reading the data from the fixture file using alias name",
          "err": {},
          "uuid": "b446b292-8a28-4b7e-a233-d49f1c37add9",
          "parentUUID": "7be11442-addf-47c5-9626-8fe66d30194b",
          "isHook": false,
          "skipped": false
        },
        {
          "title": "Read file using ReadFileFn",
          "fullTitle": "Read file using ReadFileFn",
          "timedOut": null,
          "duration": 38,
          "state": "passed",
          "speed": "fast",
          "pass": true,
          "fail": false,
          "pending": false,
          "context": null,
          "code": "cy.readFile('cypress/fixtures/example.json').then(data => {\n  // reading the data from the fixture file example.json, data is the alias name of the file\n  cy.log(\"*******Result using ReadFile function ********\" + data.email);\n});",
          "err": {},
          "uuid": "bb2bcfb6-a3e4-494e-b8cd-dc8138740c3a",
          "parentUUID": "7be11442-addf-47c5-9626-8fe66d30194b",
          "isHook": false,
          "skipped": false
        },
        {
          "title": "Write file using fixture",
          "fullTitle": "Write file using fixture",
          "timedOut": null,
          "duration": 20,
          "state": "passed",
          "speed": "fast",
          "pass": true,
          "fail": false,
          "pending": false,
          "context": null,
          "code": "const data = {\n  // \"name\": \"Cypress\",\n  // \"email\": \"  \",\n  // \"body\": \"Cypress is a testing tool\"\n};\ncy.writeFile('sample.txt', 'Write file example\\n'); // writing the data to the file sample.txt\ncy.writeFile('sample.txt', 'Content written successfully', {\n  flag: 'a+'\n}); // writing the data to the file sample.txt with append mode",
          "err": {},
          "uuid": "ad6ca30e-2201-4797-8159-2588458ca0d9",
          "parentUUID": "7be11442-addf-47c5-9626-8fe66d30194b",
          "isHook": false,
          "skipped": false
        }
      ],
      "suites": [],
      "passes": [
        "b446b292-8a28-4b7e-a233-d49f1c37add9",
        "bb2bcfb6-a3e4-494e-b8cd-dc8138740c3a",
        "ad6ca30e-2201-4797-8159-2588458ca0d9"
      ],
      "failures": [],
      "pending": [],
      "skipped": [],
      "duration": 419,
      "root": true,
      "rootEmpty": false,
      "_timeout": 2000
    }
  ],
  "meta": {
    "mocha": {
      "version": "7.0.1"
    },
    "mochawesome": {
      "options": {
        "quiet": false,
        "reportFilename": "mochawesome",
        "saveHtml": false,
        "saveJson": true,
        "consoleReporter": "spec",
        "useInlineDiffs": false,
        "code": true
      },
      "version": "7.1.3"
    },
    "marge": {
      "options": {
        "charts": true,
        "overwrite": false,
        "html": false,
        "json": true,
        "reportDir": "cypress/report/mochawesome-report"
      },
      "version": "6.2.0"
    }
  }
}